<?xml version="1.0" encoding="UTF-8"?>
<coverage generated="1746682222679" clover="3.2.0">
  <project timestamp="1746682222679" name="All files">
    <metrics statements="28" coveredstatements="28" conditionals="7" coveredconditionals="7" methods="2" coveredmethods="2" elements="37" coveredelements="37" complexity="0" loc="28" ncloc="28" packages="1" files="1" classes="1"/>
    <file name="transformation.ts" path="C:\assignment\create-data-from-api\src\transformation.ts">
      <metrics statements="28" coveredstatements="28" conditionals="7" coveredconditionals="7" methods="2" coveredmethods="2"/>
      <line num="13" count="2" type="stmt"/>
      <line num="23" count="1" type="stmt"/>
      <line num="24" count="1" type="stmt"/>
      <line num="26" count="1" type="stmt"/>
      <line num="27" count="2" type="stmt"/>
      <line num="28" count="2" type="cond" truecount="1" falsecount="0"/>
      <line num="29" count="2" type="stmt"/>
      <line num="32" count="2" type="stmt"/>
      <line num="34" count="2" type="cond" truecount="2" falsecount="0"/>
      <line num="35" count="1" type="stmt"/>
      <line num="36" count="1" type="cond" truecount="1" falsecount="0"/>
      <line num="37" count="1" type="stmt"/>
      <line num="40" count="2" type="cond" truecount="1" falsecount="0"/>
      <line num="41" count="2" type="stmt"/>
      <line num="43" count="2" type="cond" truecount="1" falsecount="0"/>
      <line num="44" count="2" type="stmt"/>
      <line num="47" count="2" type="stmt"/>
      <line num="48" count="2" type="cond" truecount="1" falsecount="0"/>
      <line num="49" count="2" type="stmt"/>
      <line num="51" count="2" type="stmt"/>
      <line num="53" count="2" type="stmt"/>
      <line num="54" count="2" type="stmt"/>
      <line num="57" count="1" type="stmt"/>
      <line num="59" count="1" type="stmt"/>
      <line num="60" count="2" type="stmt"/>
      <line num="61" count="2" type="stmt"/>
      <line num="68" count="2" type="stmt"/>
      <line num="71" count="1" type="stmt"/>
    </file>
  </project>
</coverage>
