{"C:\\assignment\\create-data-from-api\\src\\transformation.ts": {"path":"C:\\assignment\\create-data-from-api\\src\\transformation.ts","statementMap":{"0":{"start":{"line":13,"column":2},"end":{"line":20,"column":4}},"1":{"start":{"line":24,"column":65},"end":{"line":24,"column":67}},"2":{"start":{"line":26,"column":2},"end":{"line":55,"column":null}},"3":{"start":{"line":27,"column":17},"end":{"line":27,"column":40}},"4":{"start":{"line":28,"column":4},"end":{"line":30,"column":null}},"5":{"start":{"line":29,"column":6},"end":{"line":29,"column":50}},"6":{"start":{"line":32,"column":22},"end":{"line":32,"column":41}},"7":{"start":{"line":34,"column":4},"end":{"line":38,"column":null}},"8":{"start":{"line":35,"column":6},"end":{"line":35,"column":28}},"9":{"start":{"line":36,"column":11},"end":{"line":38,"column":null}},"10":{"start":{"line":37,"column":6},"end":{"line":37,"column":30}},"11":{"start":{"line":40,"column":4},"end":{"line":42,"column":null}},"12":{"start":{"line":41,"column":6},"end":{"line":41,"column":34}},"13":{"start":{"line":43,"column":4},"end":{"line":45,"column":null}},"14":{"start":{"line":44,"column":6},"end":{"line":44,"column":34}},"15":{"start":{"line":47,"column":22},"end":{"line":47,"column":37}},"16":{"start":{"line":48,"column":4},"end":{"line":50,"column":null}},"17":{"start":{"line":49,"column":6},"end":{"line":49,"column":41}},"18":{"start":{"line":51,"column":4},"end":{"line":51,"column":37}},"19":{"start":{"line":53,"column":21},"end":{"line":53,"column":56}},"20":{"start":{"line":54,"column":4},"end":{"line":54,"column":62}},"21":{"start":{"line":57,"column":34},"end":{"line":57,"column":36}},"22":{"start":{"line":59,"column":2},"end":{"line":69,"column":null}},"23":{"start":{"line":60,"column":14},"end":{"line":60,"column":43}},"24":{"start":{"line":61,"column":35},"end":{"line":67,"column":6}},"25":{"start":{"line":68,"column":4},"end":{"line":68,"column":35}},"26":{"start":{"line":71,"column":2},"end":{"line":71,"column":16}},"27":{"start":{"line":23,"column":0},"end":{"line":23,"column":16}}},"fnMap":{"0":{"name":"initializeDeptStats","decl":{"start":{"line":12,"column":9},"end":{"line":12,"column":28}},"loc":{"start":{"line":12,"column":28},"end":{"line":21,"column":1}}},"1":{"name":"transformUsersToDepartment","decl":{"start":{"line":23,"column":16},"end":{"line":23,"column":42}},"loc":{"start":{"line":23,"column":56},"end":{"line":72,"column":1}}}},"branchMap":{"0":{"loc":{"start":{"line":28,"column":4},"end":{"line":30,"column":null}},"type":"if","locations":[{"start":{"line":28,"column":4},"end":{"line":30,"column":null}}]},"1":{"loc":{"start":{"line":34,"column":4},"end":{"line":38,"column":null}},"type":"if","locations":[{"start":{"line":34,"column":4},"end":{"line":38,"column":null}},{"start":{"line":36,"column":11},"end":{"line":38,"column":null}}]},"2":{"loc":{"start":{"line":36,"column":11},"end":{"line":38,"column":null}},"type":"if","locations":[{"start":{"line":36,"column":11},"end":{"line":38,"column":null}}]},"3":{"loc":{"start":{"line":40,"column":4},"end":{"line":42,"column":null}},"type":"if","locations":[{"start":{"line":40,"column":4},"end":{"line":42,"column":null}}]},"4":{"loc":{"start":{"line":43,"column":4},"end":{"line":45,"column":null}},"type":"if","locations":[{"start":{"line":43,"column":4},"end":{"line":45,"column":null}}]},"5":{"loc":{"start":{"line":48,"column":4},"end":{"line":50,"column":null}},"type":"if","locations":[{"start":{"line":48,"column":4},"end":{"line":50,"column":null}}]}},"s":{"0":2,"1":1,"2":1,"3":2,"4":2,"5":2,"6":2,"7":2,"8":1,"9":1,"10":1,"11":2,"12":2,"13":2,"14":2,"15":2,"16":2,"17":2,"18":2,"19":2,"20":2,"21":1,"22":1,"23":2,"24":2,"25":2,"26":1,"27":1},"f":{"0":2,"1":1},"b":{"0":[2],"1":[1,1],"2":[1],"3":[2],"4":[2],"5":[2]}}
}
