TN:
SF:src\transformation.ts
FN:12,initializeDeptStats
FN:23,transformUsersToDepartment
FNF:2
FNH:2
FNDA:2,initializeDeptStats
FNDA:1,transformUsersToDepartment
DA:13,2
DA:23,1
DA:24,1
DA:26,1
DA:27,2
DA:28,2
DA:29,2
DA:32,2
DA:34,2
DA:35,1
DA:36,1
DA:37,1
DA:40,2
DA:41,2
DA:43,2
DA:44,2
DA:47,2
DA:48,2
DA:49,2
DA:51,2
DA:53,2
DA:54,2
DA:57,1
DA:59,1
DA:60,2
DA:63,2
DA:67,2
DA:74,2
DA:77,1
LF:29
LH:29
BRDA:28,0,0,2
BRDA:34,1,0,1
BRDA:34,1,1,1
BRDA:36,2,0,1
BRDA:40,3,0,2
BRDA:43,4,0,2
BRDA:48,5,0,2
BRDA:63,6,0,0
BRDA:63,6,1,2
BRDA:63,7,0,2
BRDA:63,7,1,2
BRF:11
BRH:10
end_of_record
